<?xml version="1.0" encoding="UTF-8"?>
<testng-results skipped="0" failed="0" total="1" passed="1">
  <reporter-output>
  </reporter-output>
  <suite name="Suite" duration-ms="7448" started-at="2016-10-17T00:58:15Z" finished-at="2016-10-17T00:58:22Z">
    <groups>
    </groups>
    <test name="Test" duration-ms="7448" started-at="2016-10-17T00:58:15Z" finished-at="2016-10-17T00:58:22Z">
      <class name="starter.TestSearchGoogle">
        <test-method status="PASS" signature="beforeClass()[pri:0, instance:starter.TestSearchGoogle@4c70fda8]" name="beforeClass" is-config="true" duration-ms="4798" started-at="2016-10-16T17:58:15Z" finished-at="2016-10-16T17:58:20Z">
          <reporter-output>
          </reporter-output>
        </test-method> <!-- beforeClass -->
        <test-method status="PASS" signature="testSearchGoogle()[pri:0, instance:starter.TestSearchGoogle@4c70fda8]" name="testSearchGoogle" duration-ms="2014" started-at="2016-10-16T17:58:20Z" finished-at="2016-10-16T17:58:22Z">
          <reporter-output>
          </reporter-output>
        </test-method> <!-- testSearchGoogle -->
        <test-method status="PASS" signature="afterClass()[pri:0, instance:starter.TestSearchGoogle@4c70fda8]" name="afterClass" is-config="true" duration-ms="611" started-at="2016-10-16T17:58:22Z" finished-at="2016-10-16T17:58:22Z">
          <reporter-output>
          </reporter-output>
        </test-method> <!-- afterClass -->
      </class> <!-- starter.TestSearchGoogle -->
    </test> <!-- Test -->
  </suite> <!-- Suite -->
</testng-results>
